[2025-07-27 10:26:05] ğŸ§  Starting AI Middleware Preflight + Test Suite

[2025-07-27 10:26:05] ğŸ” Checking Docker containers...
[2025-07-27 10:26:05] âœ… Container ollama is running.
[2025-07-27 10:26:05] âœ… Container ai_middleware is running.
[2025-07-27 10:26:05] âœ… Container gpt-relay is running.
[2025-07-27 10:26:05] ğŸ” Checking open ports...
[2025-07-27 10:26:05] âœ… Port 11434 (Ollama) is open.
[2025-07-27 10:26:05] âœ… Port 9000 (GPT Relay) is open.
[2025-07-27 10:26:05] âœ… Port 9006 (Middleware) is open.
[2025-07-27 10:26:05] ğŸ” Checking API endpoints...
[2025-07-27 10:26:05] âŒ /api/version failed.
[2025-07-27 10:26:05] âŒ /api/tags failed.
[2025-07-27 10:26:05] 
ğŸ§ª Running AI Middleware Functional Tests...

[2025-07-27 10:26:05] â–¶ï¸ Running test_ollama_status.py...
âœ… Ollama is reachable.

[2025-07-27 10:26:06] âœ… test_ollama_status.py PASSED

[2025-07-27 10:26:06] â–¶ï¸ Running test_gpt_relay.py...
âŒ GPT relay test failed: ('Connection aborted.', ConnectionResetError(104, 'Connection reset by peer'))

[2025-07-27 10:26:06] âŒ test_gpt_relay.py FAILED

[2025-07-27 10:26:06] â–¶ï¸ Running test_ai_middleware.py...
âŒ Middleware test failed: 

[2025-07-27 10:26:06] âŒ test_ai_middleware.py FAILED

[2025-07-27 10:26:06] â–¶ï¸ Running test_file_upload.py...
âŒ File upload test failed: 

[2025-07-27 10:26:06] âŒ test_file_upload.py FAILED

[2025-07-27 10:26:06] â–¶ï¸ Running test_rag.py...
âŒ RAG test failed: 

[2025-07-27 10:26:08] âŒ test_rag.py FAILED

[2025-07-27 10:26:08] â–¶ï¸ Running test_rag_fallback.py...
âŒ RAG fallback test failed: 

[2025-07-27 10:26:08] âŒ test_rag_fallback.py FAILED

[2025-07-27 10:26:08] â–¶ï¸ Running test_model_list.py...
âŒ Model list test failed: 

[2025-07-27 10:26:09] âŒ test_model_list.py FAILED

[2025-07-27 10:26:09] â–¶ï¸ Running test_streaming_response.py...
âœ… Streaming test passed (1 chunks).

[2025-07-27 10:26:09] âœ… test_streaming_response.py PASSED

[2025-07-27 10:26:09] â–¶ï¸ Running test_version_output.py...
âŒ Version test failed: 

[2025-07-27 10:26:09] âŒ test_version_output.py FAILED

[2025-07-27 10:26:09] âœ… All tests complete.

